#
# A fatal error has been detected by the Java Runtime Environment:
#
#  EXCEPTION_ACCESS_VIOLATION (0xc0000005) at pc=0x0000000180005b00, pid=53308, tid=9444
#
# JRE version: Java(TM) SE Runtime Environment (9.0+11) (build 9.0.4+11)
# Java VM: Java HotSpot(TM) 64-Bit Server VM (9.0.4+11, mixed mode, tiered, compressed oops, g1 gc, windows-amd64)
# Problematic frame:
# C  [rxtxSerial.dll+0x5b00]
#
# No core dump will be written. Minidumps are not enabled by default on client versions of Windows
#
# If you would like to submit a bug report, please visit:
#   http://bugreport.java.com/bugreport/crash.jsp
# The crash happened outside the Java Virtual Machine in native code.
# See problematic frame for where to report the bug.
#

---------------  S U M M A R Y ------------

Command Line: -Dfile.encoding=Cp1252 Communicator

Host: Intel(R) Core(TM) i7-7500U CPU @ 2.70GHz, 4 cores, 7G,  Windows 10 , 64 bit Build 17134 (10.0.17134.1)
Time: Wed Nov 28 15:56:10 2018 Afr. centrale Ouest elapsed time: 2 seconds (0d 0h 0m 2s)

---------------  T H R E A D  ---------------

Current thread (0x000001e443005000):  JavaThread "Thread-0" [_thread_in_native, id=9444, stack(0x0000000795500000,0x0000000795600000)]

Stack: [0x0000000795500000,0x0000000795600000],  sp=0x00000007955fe230,  free space=1016k
Native frames: (J=compiled Java code, j=interpreted, Vv=VM code, C=native code)
C  [rxtxSerial.dll+0x5b00]
C  [rxtxSerial.dll+0x6211]
C  0x000001e42b90921c

Java frames: (J=compiled Java code, j=interpreted, Vv=VM code)
j  gnu.io.RXTXPort.readArray([BII)I+0
j  gnu.io.RXTXPort$SerialInputStream.read([BII)I+212
j  sun.nio.cs.StreamDecoder.readBytes()I+135 java.base@9.0.4
j  sun.nio.cs.StreamDecoder.implRead([CII)I+112 java.base@9.0.4
j  sun.nio.cs.StreamDecoder.read([CII)I+180 java.base@9.0.4
j  java.io.InputStreamReader.read([CII)I+7 java.base@9.0.4
j  java.io.BufferedReader.fill()V+145 java.base@9.0.4
j  java.io.BufferedReader.readLine(Z)Ljava/lang/String;+44 java.base@9.0.4
j  java.io.BufferedReader.readLine()Ljava/lang/String;+2 java.base@9.0.4
j  Communicator.serialEvent(Lgnu/io/SerialPortEvent;)V+12
j  gnu.io.RXTXPort.sendEvent(IZ)Z+382
v  ~StubRoutines::call_stub
j  gnu.io.RXTXPort.eventLoop()V+0
j  gnu.io.RXTXPort$MonitorThread.run()V+12
v  ~StubRoutines::call_stub

siginfo: EXCEPTION_ACCESS_VIOLATION (0xc0000005), reading address 0xffffffff955ff078


Register to memory mapping:

RIP=0x0000000180005b00 rxtxSerial.dll
RAX=0x0000000000000001 is an unknown value
RBX=0x0000000000000000 is an unknown value
RCX=0x000000018001d4d5 rxtxSerial.dll
RDX=0xfffffffffffff665 is an unknown value
RSP=0x00000007955fe230 is pointing into the stack for thread: 0x000001e443005000
RBP=
[error occurred during error reporting (printing register info), id 0xc0000005]

Registers:
RAX=0x0000000000000001, RBX=0x0000000000000000, RCX=0x000000018001d4d5, RDX=0xfffffffffffff665
RSP=0x00000007955fe230, RBP=0x00000000ffffffff, RSI=0x0000000000000000, RDI=0x000001e443005218
R8 =0x0000000000000002, R9 =0xfffffffffffff63c, R10=0x0000000000000002, R11=0x8101010101010100
R12=0xffffffff955ff070, R13=0x00000000000000d3, R14=0x00000007955fe420, R15=0x0000000000000000
RIP=0x0000000180005b00, EFLAGS=0x0000000000010202

Top of Stack: (sp=0x00000007955fe230)
0x00000007955fe230:   0000000000000000 0000000000000000
0x00000007955fe240:   00000007955fe428 0000000000000000
0x00000007955fe250:   0000000000000000 00000007955fe420
0x00000007955fe260:   000001e442847330 0000000000000001
0x00000007955fe270:   000001e443005218 00000000000000d3
0x00000007955fe280:   ffffffffffffffff 0000000180006211
0x00000007955fe290:   000001e442fcf290 00000000000000d3
0x00000007955fe2a0:   0000000000000001 000001e442fcf290
0x00000007955fe2b0:   00000000000000d3 00000000ffffffff
0x00000007955fe2c0:   00000007955fe428 000001e442847338
0x00000007955fe2d0:   000001e443005000 000001e44300c0c0
0x00000007955fe2e0:   000001e442fe0a90 0000000064df8b00
0x00000007955fe2f0:   00000007955feca8 0000000065004096
0x00000007955fe300:   0000000000000000 000087a9c070dd98
0x00000007955fe310:   000001e442847338 000001e442847330
0x00000007955fe320:   000001e443005000 00000007955fe428 

Instructions: (pc=0x0000000180005b00)
0x0000000180005ae0:   15 23 7a 01 00 48 8d 48 60 e8 3a 5d 00 00 4c 8b
0x0000000180005af0:   e5 8b ac 24 88 00 00 00 44 8b ac 24 80 00 00 00
0x0000000180005b00:   45 8b 74 24 08 41 89 5c 24 08 41 8b fd 85 ed 78
0x0000000180005b10:   09 ff 15 e9 14 01 00 44 8b f8 45 85 ed 7e 4a 90 



---------------  P R O C E S S  ---------------

Java Threads: ( => current thread )
  0x000001e41f80f800 JavaThread "DestroyJavaVM" [_thread_blocked, id=54712, stack(0x0000000793d00000,0x0000000793e00000)]
  0x000001e443009000 JavaThread "Thread-1" [_thread_blocked, id=43512, stack(0x0000000795600000,0x0000000795700000)]
=>0x000001e443005000 JavaThread "Thread-0" [_thread_in_native, id=9444, stack(0x0000000795500000,0x0000000795600000)]
  0x000001e442f93800 JavaThread "Service Thread" daemon [_thread_blocked, id=55676, stack(0x0000000795300000,0x0000000795400000)]
  0x000001e442e48800 JavaThread "Common-Cleaner" daemon [_thread_blocked, id=55704, stack(0x0000000795200000,0x0000000795300000)]
  0x000001e442c6d000 JavaThread "Sweeper thread" daemon [_thread_blocked, id=51952, stack(0x0000000795100000,0x0000000795200000)]
  0x000001e442c5d800 JavaThread "C1 CompilerThread2" daemon [_thread_blocked, id=57204, stack(0x0000000795000000,0x0000000795100000)]
  0x000001e442c59800 JavaThread "C2 CompilerThread1" daemon [_thread_blocked, id=55444, stack(0x0000000794f00000,0x0000000795000000)]
  0x000001e442c54000 JavaThread "C2 CompilerThread0" daemon [_thread_blocked, id=51708, stack(0x0000000794e00000,0x0000000794f00000)]
  0x000001e442c49800 JavaThread "Attach Listener" daemon [_thread_blocked, id=57304, stack(0x0000000794d00000,0x0000000794e00000)]
  0x000001e442c00800 JavaThread "Signal Dispatcher" daemon [_thread_blocked, id=55928, stack(0x0000000794c00000,0x0000000794d00000)]
  0x000001e442bff000 JavaThread "Finalizer" daemon [_thread_blocked, id=56484, stack(0x0000000794b00000,0x0000000794c00000)]
  0x000001e442beb800 JavaThread "Reference Handler" daemon [_thread_blocked, id=54444, stack(0x0000000794a00000,0x0000000794b00000)]

Other Threads:
  0x000001e442be7000 VMThread "VM Thread" [stack: 0x0000000794900000,0x0000000794a00000] [id=56708]
  0x000001e442fe7000 WatcherThread [stack: 0x0000000795400000,0x0000000795500000] [id=56804]
  0x000001e41f826000 GCTaskThread "GC Thread#0" [stack: 0x0000000793e00000,0x0000000793f00000] [id=57132]
  0x000001e41f827800 GCTaskThread "GC Thread#1" [stack: 0x0000000793f00000,0x0000000794000000] [id=35524]
  0x000001e41f82b000 GCTaskThread "GC Thread#2" [stack: 0x0000000794000000,0x0000000794100000] [id=53296]
  0x000001e41f82d000 GCTaskThread "GC Thread#3" [stack: 0x0000000794100000,0x0000000794200000] [id=52652]
  0x000001e41f8ac800 ConcurrentGCThread "G1 Main Marker" [stack: 0x0000000794700000,0x0000000794800000] [id=56024]
  0x000001e41f8af800 ConcurrentGCThread "G1 Marker#0" [stack: 0x0000000794800000,0x0000000794900000] [id=45160]
  0x000001e41f842800 ConcurrentGCThread "G1 Refine#0" [stack: 0x0000000794500000,0x0000000794600000] [id=55800]
  0x000001e41f841800 ConcurrentGCThread "G1 Refine#1" [stack: 0x0000000794400000,0x0000000794500000] [id=57156]
  0x000001e41f838800 ConcurrentGCThread "G1 Refine#2" [stack: 0x0000000794300000,0x0000000794400000] [id=53148]
  0x000001e41f836000 ConcurrentGCThread "G1 Refine#3" [stack: 0x0000000794200000,0x0000000794300000] [id=52356]
  0x000001e41f843800 ConcurrentGCThread "G1 Young RemSet Sampling" [stack: 0x0000000794600000,0x0000000794700000] [id=48268]

Threads with active compile tasks:

VM state:not at safepoint (normal execution)

VM Mutex/Monitor currently owned by a thread: None

Heap address: 0x0000000081c00000, size: 2020 MB, Compressed Oops mode: 32-bit
Narrow klass base: 0x0000000000000000, Narrow klass shift: 3
Compressed class space size: 1073741824 Address: 0x0000000100000000

Heap:
 garbage-first heap   total 131072K, used 3072K [0x0000000081c00000, 0x0000000081d00400, 0x0000000100000000)
  region size 1024K, 4 young (4096K), 0 survivors (0K)
 Metaspace       used 6006K, capacity 6144K, committed 6272K, reserved 1056768K
  class space    used 521K, capacity 578K, committed 640K, reserved 1048576K
Heap Regions: E=young(eden), S=young(survivor), O=old, HS=humongous(starts), HC=humongous(continues), CS=collection set, F=free, A=archive, TS=gc time stamp, AC=allocation context, TAMS=top-at-mark-start (previous, next)
|   0|0x0000000081c00000, 0x0000000081c00000, 0x0000000081d00000|  0%| F|  |TS  0|AC  0|TAMS 0x0000000081c00000, 0x0000000081c00000|
|   1|0x0000000081d00000, 0x0000000081d00000, 0x0000000081e00000|  0%| F|  |TS  0|AC  0|TAMS 0x0000000081d00000, 0x0000000081d00000|
|   2|0x0000000081e00000, 0x0000000081e00000, 0x0000000081f00000|  0%| F|  |TS  0|AC  0|TAMS 0x0000000081e00000, 0x0000000081e00000|
|   3|0x0000000081f00000, 0x0000000081f00000, 0x0000000082000000|  0%| F|  |TS  0|AC  0|TAMS 0x0000000081f00000, 0x0000000081f00000|
|   4|0x0000000082000000, 0x0000000082000000, 0x0000000082100000|  0%| F|  |TS  0|AC  0|TAMS 0x0000000082000000, 0x0000000082000000|
|   5|0x0000000082100000, 0x0000000082100000, 0x0000000082200000|  0%| F|  |TS  0|AC  0|TAMS 0x0000000082100000, 0x0000000082100000|
|   6|0x0000000082200000, 0x0000000082200000, 0x0000000082300000|  0%| F|  |TS  0|AC  0|TAMS 0x0000000082200000, 0x0000000082200000|
|   7|0x0000000082300000, 0x0000000082300000, 0x0000000082400000|  0%| F|  |TS  0|AC  0|TAMS 0x0000000082300000, 0x0000000082300000|
|   8|0x0000000082400000, 0x0000000082400000, 0x0000000082500000|  0%| F|  |TS  0|AC  0|TAMS 0x0000000082400000, 0x0000000082400000|
|   9|0x0000000082500000, 0x0000000082500000, 0x0000000082600000|  0%| F|  |TS  0|AC  0|TAMS 0x0000000082500000, 0x0000000082500000|
|  10|0x0000000082600000, 0x0000000082600000, 0x0000000082700000|  0%| F|  |TS  0|AC  0|TAMS 0x0000000082600000, 0x0000000082600000|
|  11|0x0000000082700000, 0x0000000082700000, 0x0000000082800000|  0%| F|  |TS  0|AC  0|TAMS 0x0000000082700000, 0x0000000082700000|
|  12|0x0000000082800000, 0x0000000082800000, 0x0000000082900000|  0%| F|  |TS  0|AC  0|TAMS 0x0000000082800000, 0x0000000082800000|
|  13|0x0000000082900000, 0x0000000082900000, 0x0000000082a00000|  0%| F|  |TS  0|AC  0|TAMS 0x0000000082900000, 0x0000000082900000|
|  14|0x0000000082a00000, 0x0000000082a00000, 0x0000000082b00000|  0%| F|  |TS  0|AC  0|TAMS 0x0000000082a00000, 0x0000000082a00000|
|  15|0x0000000082b00000, 0x0000000082b00000, 0x0000000082c00000|  0%| F|  |TS  0|AC  0|TAMS 0x0000000082b00000, 0x0000000082b00000|
|  16|0x0000000082c00000, 0x0000000082c00000, 0x0000000082d00000|  0%| F|  |TS  0|AC  0|TAMS 0x0000000082c00000, 0x0000000082c00000|
|  17|0x0000000082d00000, 0x0000000082d00000, 0x0000000082e00000|  0%| F|  |TS  0|AC  0|TAMS 0x0000000082d00000, 0x0000000082d00000|
|  18|0x0000000082e00000, 0x0000000082e00000, 0x0000000082f00000|  0%| F|  |TS  0|AC  0|TAMS 0x0000000082e00000, 0x0000000082e00000|
|  19|0x0000000082f00000, 0x0000000082f00000, 0x0000000083000000|  0%| F|  |TS  0|AC  0|TAMS 0x0000000082f00000, 0x0000000082f00000|
|  20|0x0000000083000000, 0x0000000083000000, 0x0000000083100000|  0%| F|  |TS  0|AC  0|TAMS 0x0000000083000000, 0x0000000083000000|
|  21|0x0000000083100000, 0x0000000083100000, 0x0000000083200000|  0%| F|  |TS  0|AC  0|TAMS 0x0000000083100000, 0x0000000083100000|
|  22|0x0000000083200000, 0x0000000083200000, 0x0000000083300000|  0%| F|  |TS  0|AC  0|TAMS 0x0000000083200000, 0x0000000083200000|
|  23|0x0000000083300000, 0x0000000083300000, 0x0000000083400000|  0%| F|  |TS  0|AC  0|TAMS 0x0000000083300000, 0x0000000083300000|
|  24|0x0000000083400000, 0x0000000083400000, 0x0000000083500000|  0%| F|  |TS  0|AC  0|TAMS 0x0000000083400000, 0x0000000083400000|
|  25|0x0000000083500000, 0x0000000083500000, 0x0000000083600000|  0%| F|  |TS  0|AC  0|TAMS 0x0000000083500000, 0x0000000083500000|
|  26|0x0000000083600000, 0x0000000083600000, 0x0000000083700000|  0%| F|  |TS  0|AC  0|TAMS 0x0000000083600000, 0x0000000083600000|
|  27|0x0000000083700000, 0x0000000083700000, 0x0000000083800000|  0%| F|  |TS  0|AC  0|TAMS 0x0000000083700000, 0x0000000083700000|
|  28|0x0000000083800000, 0x0000000083800000, 0x0000000083900000|  0%| F|  |TS  0|AC  0|TAMS 0x0000000083800000, 0x0000000083800000|
|  29|0x0000000083900000, 0x0000000083900000, 0x0000000083a00000|  0%| F|  |TS  0|AC  0|TAMS 0x0000000083900000, 0x0000000083900000|
|  30|0x0000000083a00000, 0x0000000083a00000, 0x0000000083b00000|  0%| F|  |TS  0|AC  0|TAMS 0x0000000083a00000, 0x0000000083a00000|
|  31|0x0000000083b00000, 0x0000000083b00000, 0x0000000083c00000|  0%| F|  |TS  0|AC  0|TAMS 0x0000000083b00000, 0x0000000083b00000|
|  32|0x0000000083c00000, 0x0000000083c00000, 0x0000000083d00000|  0%| F|  |TS  0|AC  0|TAMS 0x0000000083c00000, 0x0000000083c00000|
|  33|0x0000000083d00000, 0x0000000083d00000, 0x0000000083e00000|  0%| F|  |TS  0|AC  0|TAMS 0x0000000083d00000, 0x0000000083d00000|
|  34|0x0000000083e00000, 0x0000000083e00000, 0x0000000083f00000|  0%| F|  |TS  0|AC  0|TAMS 0x0000000083e00000, 0x0000000083e00000|
|  35|0x0000000083f00000, 0x0000000083f00000, 0x0000000084000000|  0%| F|  |TS  0|AC  0|TAMS 0x0000000083f00000, 0x0000000083f00000|
|  36|0x0000000084000000, 0x0000000084000000, 0x0000000084100000|  0%| F|  |TS  0|AC  0|TAMS 0x0000000084000000, 0x0000000084000000|
|  37|0x0000000084100000, 0x0000000084100000, 0x0000000084200000|  0%| F|  |TS  0|AC  0|TAMS 0x0000000084100000, 0x0000000084100000|
|  38|0x0000000084200000, 0x0000000084200000, 0x0000000084300000|  0%| F|  |TS  0|AC  0|TAMS 0x0000000084200000, 0x0000000084200000|
|  39|0x0000000084300000, 0x0000000084300000, 0x0000000084400000|  0%| F|  |TS  0|AC  0|TAMS 0x0000000084300000, 0x0000000084300000|
|  40|0x0000000084400000, 0x0000000084400000, 0x0000000084500000|  0%| F|  |TS  0|AC  0|TAMS 0x0000000084400000, 0x0000000084400000|
|  41|0x0000000084500000, 0x0000000084500000, 0x0000000084600000|  0%| F|  |TS  0|AC  0|TAMS 0x0000000084500000, 0x0000000084500000|
|  42|0x0000000084600000, 0x0000000084600000, 0x0000000084700000|  0%| F|  |TS  0|AC  0|TAMS 0x0000000084600000, 0x0000000084600000|
|  43|0x0000000084700000, 0x0000000084700000, 0x0000000084800000|  0%| F|  |TS  0|AC  0|TAMS 0x0000000084700000, 0x0000000084700000|
|  44|0x0000000084800000, 0x0000000084800000, 0x0000000084900000|  0%| F|  |TS  0|AC  0|TAMS 0x0000000084800000, 0x0000000084800000|
|  45|0x0000000084900000, 0x0000000084900000, 0x0000000084a00000|  0%| F|  |TS  0|AC  0|TAMS 0x0000000084900000, 0x0000000084900000|
|  46|0x0000000084a00000, 0x0000000084a00000, 0x0000000084b00000|  0%| F|  |TS  0|AC  0|TAMS 0x0000000084a00000, 0x0000000084a00000|
|  47|0x0000000084b00000, 0x0000000084b00000, 0x0000000084c00000|  0%| F|  |TS  0|AC  0|TAMS 0x0000000084b00000, 0x0000000084b00000|
|  48|0x0000000084c00000, 0x0000000084c00000, 0x0000000084d00000|  0%| F|  |TS  0|AC  0|TAMS 0x0000000084c00000, 0x0000000084c00000|
|  49|0x0000000084d00000, 0x0000000084d00000, 0x0000000084e00000|  0%| F|  |TS  0|AC  0|TAMS 0x0000000084d00000, 0x0000000084d00000|
|  50|0x0000000084e00000, 0x0000000084e00000, 0x0000000084f00000|  0%| F|  |TS  0|AC  0|TAMS 0x0000000084e00000, 0x0000000084e00000|
|  51|0x0000000084f00000, 0x0000000084f00000, 0x0000000085000000|  0%| F|  |TS  0|AC  0|TAMS 0x0000000084f00000, 0x0000000084f00000|
|  52|0x0000000085000000, 0x0000000085000000, 0x0000000085100000|  0%| F|  |TS  0|AC  0|TAMS 0x0000000085000000, 0x0000000085000000|
|  53|0x0000000085100000, 0x0000000085100000, 0x0000000085200000|  0%| F|  |TS  0|AC  0|TAMS 0x0000000085100000, 0x0000000085100000|
|  54|0x0000000085200000, 0x0000000085200000, 0x0000000085300000|  0%| F|  |TS  0|AC  0|TAMS 0x0000000085200000, 0x0000000085200000|
|  55|0x0000000085300000, 0x0000000085300000, 0x0000000085400000|  0%| F|  |TS  0|AC  0|TAMS 0x0000000085300000, 0x0000000085300000|
|  56|0x0000000085400000, 0x0000000085400000, 0x0000000085500000|  0%| F|  |TS  0|AC  0|TAMS 0x0000000085400000, 0x0000000085400000|
|  57|0x0000000085500000, 0x0000000085500000, 0x0000000085600000|  0%| F|  |TS  0|AC  0|TAMS 0x0000000085500000, 0x0000000085500000|
|  58|0x0000000085600000, 0x0000000085600000, 0x0000000085700000|  0%| F|  |TS  0|AC  0|TAMS 0x0000000085600000, 0x0000000085600000|
|  59|0x0000000085700000, 0x0000000085700000, 0x0000000085800000|  0%| F|  |TS  0|AC  0|TAMS 0x0000000085700000, 0x0000000085700000|
|  60|0x0000000085800000, 0x0000000085800000, 0x0000000085900000|  0%| F|  |TS  0|AC  0|TAMS 0x0000000085800000, 0x0000000085800000|
|  61|0x0000000085900000, 0x0000000085900000, 0x0000000085a00000|  0%| F|  |TS  0|AC  0|TAMS 0x0000000085900000, 0x0000000085900000|
|  62|0x0000000085a00000, 0x0000000085a00000, 0x0000000085b00000|  0%| F|  |TS  0|AC  0|TAMS 0x0000000085a00000, 0x0000000085a00000|
|  63|0x0000000085b00000, 0x0000000085b00000, 0x0000000085c00000|  0%| F|  |TS  0|AC  0|TAMS 0x0000000085b00000, 0x0000000085b00000|
|  64|0x0000000085c00000, 0x0000000085c00000, 0x0000000085d00000|  0%| F|  |TS  0|AC  0|TAMS 0x0000000085c00000, 0x0000000085c00000|
|  65|0x0000000085d00000, 0x0000000085d00000, 0x0000000085e00000|  0%| F|  |TS  0|AC  0|TAMS 0x0000000085d00000, 0x0000000085d00000|
|  66|0x0000000085e00000, 0x0000000085e00000, 0x0000000085f00000|  0%| F|  |TS  0|AC  0|TAMS 0x0000000085e00000, 0x0000000085e00000|
|  67|0x0000000085f00000, 0x0000000085f00000, 0x0000000086000000|  0%| F|  |TS  0|AC  0|TAMS 0x0000000085f00000, 0x0000000085f00000|
|  68|0x0000000086000000, 0x0000000086000000, 0x0000000086100000|  0%| F|  |TS  0|AC  0|TAMS 0x0000000086000000, 0x0000000086000000|
|  69|0x0000000086100000, 0x0000000086100000, 0x0000000086200000|  0%| F|  |TS  0|AC  0|TAMS 0x0000000086100000, 0x0000000086100000|
|  70|0x0000000086200000, 0x0000000086200000, 0x0000000086300000|  0%| F|  |TS  0|AC  0|TAMS 0x0000000086200000, 0x0000000086200000|
|  71|0x0000000086300000, 0x0000000086300000, 0x0000000086400000|  0%| F|  |TS  0|AC  0|TAMS 0x0000000086300000, 0x0000000086300000|
|  72|0x0000000086400000, 0x0000000086400000, 0x0000000086500000|  0%| F|  |TS  0|AC  0|TAMS 0x0000000086400000, 0x0000000086400000|
|  73|0x0000000086500000, 0x0000000086500000, 0x0000000086600000|  0%| F|  |TS  0|AC  0|TAMS 0x0000000086500000, 0x0000000086500000|
|  74|0x0000000086600000, 0x0000000086600000, 0x0000000086700000|  0%| F|  |TS  0|AC  0|TAMS 0x0000000086600000, 0x0000000086600000|
|  75|0x0000000086700000, 0x0000000086700000, 0x0000000086800000|  0%| F|  |TS  0|AC  0|TAMS 0x0000000086700000, 0x0000000086700000|
|  76|0x0000000086800000, 0x0000000086800000, 0x0000000086900000|  0%| F|  |TS  0|AC  0|TAMS 0x0000000086800000, 0x0000000086800000|
|  77|0x0000000086900000, 0x0000000086900000, 0x0000000086a00000|  0%| F|  |TS  0|AC  0|TAMS 0x0000000086900000, 0x0000000086900000|
|  78|0x0000000086a00000, 0x0000000086a00000, 0x0000000086b00000|  0%| F|  |TS  0|AC  0|TAMS 0x0000000086a00000, 0x0000000086a00000|
|  79|0x0000000086b00000, 0x0000000086b00000, 0x0000000086c00000|  0%| F|  |TS  0|AC  0|TAMS 0x0000000086b00000, 0x0000000086b00000|
|  80|0x0000000086c00000, 0x0000000086c00000, 0x0000000086d00000|  0%| F|  |TS  0|AC  0|TAMS 0x0000000086c00000, 0x0000000086c00000|
|  81|0x0000000086d00000, 0x0000000086d00000, 0x0000000086e00000|  0%| F|  |TS  0|AC  0|TAMS 0x0000000086d00000, 0x0000000086d00000|
|  82|0x0000000086e00000, 0x0000000086e00000, 0x0000000086f00000|  0%| F|  |TS  0|AC  0|TAMS 0x0000000086e00000, 0x0000000086e00000|
|  83|0x0000000086f00000, 0x0000000086f00000, 0x0000000087000000|  0%| F|  |TS  0|AC  0|TAMS 0x0000000086f00000, 0x0000000086f00000|
|  84|0x0000000087000000, 0x0000000087000000, 0x0000000087100000|  0%| F|  |TS  0|AC  0|TAMS 0x0000000087000000, 0x0000000087000000|
|  85|0x0000000087100000, 0x0000000087100000, 0x0000000087200000|  0%| F|  |TS  0|AC  0|TAMS 0x0000000087100000, 0x0000000087100000|
|  86|0x0000000087200000, 0x0000000087200000, 0x0000000087300000|  0%| F|  |TS  0|AC  0|TAMS 0x0000000087200000, 0x0000000087200000|
|  87|0x0000000087300000, 0x0000000087300000, 0x0000000087400000|  0%| F|  |TS  0|AC  0|TAMS 0x0000000087300000, 0x0000000087300000|
|  88|0x0000000087400000, 0x0000000087400000, 0x0000000087500000|  0%| F|  |TS  0|AC  0|TAMS 0x0000000087400000, 0x0000000087400000|
|  89|0x0000000087500000, 0x0000000087500000, 0x0000000087600000|  0%| F|  |TS  0|AC  0|TAMS 0x0000000087500000, 0x0000000087500000|
|  90|0x0000000087600000, 0x0000000087600000, 0x0000000087700000|  0%| F|  |TS  0|AC  0|TAMS 0x0000000087600000, 0x0000000087600000|
|  91|0x0000000087700000, 0x0000000087700000, 0x0000000087800000|  0%| F|  |TS  0|AC  0|TAMS 0x0000000087700000, 0x0000000087700000|
|  92|0x0000000087800000, 0x0000000087800000, 0x0000000087900000|  0%| F|  |TS  0|AC  0|TAMS 0x0000000087800000, 0x0000000087800000|
|  93|0x0000000087900000, 0x0000000087900000, 0x0000000087a00000|  0%| F|  |TS  0|AC  0|TAMS 0x0000000087900000, 0x0000000087900000|
|  94|0x0000000087a00000, 0x0000000087a00000, 0x0000000087b00000|  0%| F|  |TS  0|AC  0|TAMS 0x0000000087a00000, 0x0000000087a00000|
|  95|0x0000000087b00000, 0x0000000087b00000, 0x0000000087c00000|  0%| F|  |TS  0|AC  0|TAMS 0x0000000087b00000, 0x0000000087b00000|
|  96|0x0000000087c00000, 0x0000000087c00000, 0x0000000087d00000|  0%| F|  |TS  0|AC  0|TAMS 0x0000000087c00000, 0x0000000087c00000|
|  97|0x0000000087d00000, 0x0000000087d00000, 0x0000000087e00000|  0%| F|  |TS  0|AC  0|TAMS 0x0000000087d00000, 0x0000000087d00000|
|  98|0x0000000087e00000, 0x0000000087e00000, 0x0000000087f00000|  0%| F|  |TS  0|AC  0|TAMS 0x0000000087e00000, 0x0000000087e00000|
|  99|0x0000000087f00000, 0x0000000087f00000, 0x0000000088000000|  0%| F|  |TS  0|AC  0|TAMS 0x0000000087f00000, 0x0000000087f00000|
| 100|0x0000000088000000, 0x0000000088000000, 0x0000000088100000|  0%| F|  |TS  0|AC  0|TAMS 0x0000000088000000, 0x0000000088000000|
| 101|0x0000000088100000, 0x0000000088100000, 0x0000000088200000|  0%| F|  |TS  0|AC  0|TAMS 0x0000000088100000, 0x0000000088100000|
| 102|0x0000000088200000, 0x0000000088200000, 0x0000000088300000|  0%| F|  |TS  0|AC  0|TAMS 0x0000000088200000, 0x0000000088200000|
| 103|0x0000000088300000, 0x0000000088300000, 0x0000000088400000|  0%| F|  |TS  0|AC  0|TAMS 0x0000000088300000, 0x0000000088300000|
| 104|0x0000000088400000, 0x0000000088400000, 0x0000000088500000|  0%| F|  |TS  0|AC  0|TAMS 0x0000000088400000, 0x0000000088400000|
| 105|0x0000000088500000, 0x0000000088500000, 0x0000000088600000|  0%| F|  |TS  0|AC  0|TAMS 0x0000000088500000, 0x0000000088500000|
| 106|0x0000000088600000, 0x0000000088600000, 0x0000000088700000|  0%| F|  |TS  0|AC  0|TAMS 0x0000000088600000, 0x0000000088600000|
| 107|0x0000000088700000, 0x0000000088700000, 0x0000000088800000|  0%| F|  |TS  0|AC  0|TAMS 0x0000000088700000, 0x0000000088700000|
| 108|0x0000000088800000, 0x0000000088800000, 0x0000000088900000|  0%| F|  |TS  0|AC  0|TAMS 0x0000000088800000, 0x0000000088800000|
| 109|0x0000000088900000, 0x0000000088900000, 0x0000000088a00000|  0%| F|  |TS  0|AC  0|TAMS 0x0000000088900000, 0x0000000088900000|
| 110|0x0000000088a00000, 0x0000000088a00000, 0x0000000088b00000|  0%| F|  |TS  0|AC  0|TAMS 0x0000000088a00000, 0x0000000088a00000|
| 111|0x0000000088b00000, 0x0000000088b00000, 0x0000000088c00000|  0%| F|  |TS  0|AC  0|TAMS 0x0000000088b00000, 0x0000000088b00000|
| 112|0x0000000088c00000, 0x0000000088c00000, 0x0000000088d00000|  0%| F|  |TS  0|AC  0|TAMS 0x0000000088c00000, 0x0000000088c00000|
| 113|0x0000000088d00000, 0x0000000088d00000, 0x0000000088e00000|  0%| F|  |TS  0|AC  0|TAMS 0x0000000088d00000, 0x0000000088d00000|
| 114|0x0000000088e00000, 0x0000000088e00000, 0x0000000088f00000|  0%| F|  |TS  0|AC  0|TAMS 0x0000000088e00000, 0x0000000088e00000|
| 115|0x0000000088f00000, 0x0000000088f00000, 0x0000000089000000|  0%| F|  |TS  0|AC  0|TAMS 0x0000000088f00000, 0x0000000088f00000|
| 116|0x0000000089000000, 0x0000000089000000, 0x0000000089100000|  0%| F|  |TS  0|AC  0|TAMS 0x0000000089000000, 0x0000000089000000|
| 117|0x0000000089100000, 0x0000000089100000, 0x0000000089200000|  0%| F|  |TS  0|AC  0|TAMS 0x0000000089100000, 0x0000000089100000|
| 118|0x0000000089200000, 0x0000000089200000, 0x0000000089300000|  0%| F|  |TS  0|AC  0|TAMS 0x0000000089200000, 0x0000000089200000|
| 119|0x0000000089300000, 0x0000000089300000, 0x0000000089400000|  0%| F|  |TS  0|AC  0|TAMS 0x0000000089300000, 0x0000000089300000|
| 120|0x0000000089400000, 0x0000000089400000, 0x0000000089500000|  0%| F|  |TS  0|AC  0|TAMS 0x0000000089400000, 0x0000000089400000|
| 121|0x0000000089500000, 0x0000000089500000, 0x0000000089600000|  0%| F|  |TS  0|AC  0|TAMS 0x0000000089500000, 0x0000000089500000|
| 122|0x0000000089600000, 0x0000000089600000, 0x0000000089700000|  0%| F|  |TS  0|AC  0|TAMS 0x0000000089600000, 0x0000000089600000|
| 123|0x0000000089700000, 0x0000000089700000, 0x0000000089800000|  0%| F|  |TS  0|AC  0|TAMS 0x0000000089700000, 0x0000000089700000|
| 124|0x0000000089800000, 0x0000000089800800, 0x0000000089900000|  0%| E|  |TS  0|AC  0|TAMS 0x0000000089800000, 0x0000000089800000|
| 125|0x0000000089900000, 0x0000000089a00000, 0x0000000089a00000|100%| E|CS|TS  0|AC  0|TAMS 0x0000000089900000, 0x0000000089900000|
| 126|0x0000000089a00000, 0x0000000089b00000, 0x0000000089b00000|100%| E|CS|TS  0|AC  0|TAMS 0x0000000089a00000, 0x0000000089a00000|
| 127|0x0000000089b00000, 0x0000000089c00000, 0x0000000089c00000|100%| E|CS|TS  0|AC  0|TAMS 0x0000000089b00000, 0x0000000089b00000|

Card table byte_map: [0x000001e43b630000,0x000001e43ba30000] byte_map_base: 0x000001e43b222000

Marking Bits (Prev, Next): (CMBitMap*) 0x000001e41f8aba60, (CMBitMap*) 0x000001e41f8aba98
 Prev Bits: [0x000001e43be30000, 0x000001e43ddc0000)
 Next Bits: [0x000001e43ddc0000, 0x000001e43fd50000)

Polling page: 0x000001e41f9a0000

CodeHeap 'non-profiled nmethods': size=120064Kb used=79Kb max_used=79Kb free=119984Kb
 bounds [0x000001e4333b0000, 0x000001e433620000, 0x000001e43a8f0000]
CodeHeap 'profiled nmethods': size=120000Kb used=350Kb max_used=350Kb free=119649Kb
 bounds [0x000001e42be80000, 0x000001e42c0f0000, 0x000001e4333b0000]
CodeHeap 'non-nmethods': size=5696Kb used=1195Kb max_used=1218Kb free=4500Kb
 bounds [0x000001e42b8f0000, 0x000001e42bb60000, 0x000001e42be80000]
 total_blobs=681 nmethods=272 adapters=244
 compilation: enabled

Compilation events (10 events):
Event: 2.587 Thread 0x000001e442c5d800  261       3       java.lang.StringBuffer::<init> (7 bytes)
Event: 2.587 Thread 0x000001e442c5d800 nmethod 261 0x000001e42bed4f90 code [0x000001e42bed5140, 0x000001e42bed52d0]
Event: 2.587 Thread 0x000001e442c5d800  262  s    3       java.lang.StringBuffer::toString (59 bytes)
Event: 2.587 Thread 0x000001e442c5d800 nmethod 262 0x000001e42bed5390 code [0x000001e42bed55c0, 0x000001e42bed5f40]
Event: 2.587 Thread 0x000001e442c5d800  269       3       java.lang.String::indexOf (65 bytes)
Event: 2.588 Thread 0x000001e442c5d800 nmethod 269 0x000001e42bed6190 code [0x000001e42bed6400, 0x000001e42bed6f50]
Event: 2.590 Thread 0x000001e442c5d800  271       1       java.net.URL::getPath (5 bytes)
Event: 2.590 Thread 0x000001e442c5d800 nmethod 271 0x000001e4333c3b90 code [0x000001e4333c3d40, 0x000001e4333c3e58]
Event: 2.599 Thread 0x000001e442c5d800  272       3       java.util.zip.ZipUtils::LG (22 bytes)
Event: 2.599 Thread 0x000001e442c5d800 nmethod 272 0x000001e42bed7290 code [0x000001e42bed7460, 0x000001e42bed7718]

GC Heap History (0 events):
No events

Deoptimization events (1 events):
Event: 2.355 Thread 0x000001e41f80f800 Uncommon trap: reason=unstable_if action=reinterpret pc=0x000001e4333bf018 method=java.lang.String.charAt(I)C @ 4 c2

Classes redefined (0 events):
No events

Internal exceptions (10 events):
Event: 2.323 Thread 0x000001e41f80f800 Exception <a 'java/lang/NoSuchMethodError'{0x0000000089acab10}: java.lang.invoke.DirectMethodHandle$Holder.invokeStatic(Ljava/lang/Object;J)Ljava/lang/Object;> (0x0000000089acab10) thrown at [t:/workspace/hotspot/src/share/vm/interpreter/linkResolver.cpp,
Event: 2.324 Thread 0x000001e41f80f800 Exception <a 'java/lang/NoSuchMethodError'{0x0000000089ace300}: method resolution failed> (0x0000000089ace300) thrown at [t:/workspace/hotspot/src/share/vm/prims/methodHandles.cpp, line 1256]
Event: 2.330 Thread 0x000001e41f80f800 Exception <a 'java/lang/NoSuchMethodError'{0x0000000089adcb10}: method resolution failed> (0x0000000089adcb10) thrown at [t:/workspace/hotspot/src/share/vm/prims/methodHandles.cpp, line 1256]
Event: 2.331 Thread 0x000001e41f80f800 Exception <a 'java/lang/NoSuchMethodError'{0x0000000089ae0210}: java.lang.invoke.DirectMethodHandle$Holder.invokeStaticInit(Ljava/lang/Object;Ljava/lang/Object;JLjava/lang/Object;)Ljava/lang/Object;> (0x0000000089ae0210) thrown at [t:/workspace/hotspot/sr
Event: 2.332 Thread 0x000001e41f80f800 Exception <a 'java/lang/NoSuchMethodError'{0x0000000089ae61f8}: java.lang.invoke.DirectMethodHandle$Holder.invokeStatic(Ljava/lang/Object;Ljava/lang/Object;J)Ljava/lang/Object;> (0x0000000089ae61f8) thrown at [t:/workspace/hotspot/src/share/vm/interpreter
Event: 2.333 Thread 0x000001e41f80f800 Exception <a 'java/lang/NoSuchMethodError'{0x0000000089ae9868}: method resolution failed> (0x0000000089ae9868) thrown at [t:/workspace/hotspot/src/share/vm/prims/methodHandles.cpp, line 1256]
Event: 2.575 Thread 0x000001e41f80f800 Exception <a 'java/io/FileNotFoundException'{0x0000000089943b48}> (0x0000000089943b48) thrown at [t:/workspace/hotspot/src/share/vm/prims/jni.cpp, line 604]
Event: 2.581 Thread 0x000001e41f80f800 Exception <a 'java/io/FileNotFoundException'{0x0000000089955be8}> (0x0000000089955be8) thrown at [t:/workspace/hotspot/src/share/vm/prims/jni.cpp, line 604]
Event: 2.582 Thread 0x000001e41f80f800 Exception <a 'java/io/FileNotFoundException'{0x0000000089964178}> (0x0000000089964178) thrown at [t:/workspace/hotspot/src/share/vm/prims/jni.cpp, line 604]
Event: 2.586 Thread 0x000001e41f80f800 Exception <a 'java/io/FileNotFoundException'{0x0000000089975a50}> (0x0000000089975a50) thrown at [t:/workspace/hotspot/src/share/vm/prims/jni.cpp, line 604]

Events (10 events):
Event: 2.609 loading class java/nio/charset/CoderResult
Event: 2.609 loading class java/nio/charset/CoderResult done
Event: 2.609 loading class java/nio/charset/CoderResult$1
Event: 2.609 loading class java/nio/charset/CoderResult$Cache
Event: 2.609 loading class java/nio/charset/CoderResult$Cache done
Event: 2.609 loading class java/nio/charset/CoderResult$1 done
Event: 2.610 loading class java/nio/charset/CoderResult$2
Event: 2.610 loading class java/nio/charset/CoderResult$2 done
Event: 2.610 Thread 0x000001e41f80f800 Thread exited: 0x000001e41f80f800
Event: 2.610 Thread 0x000001e41f80f800 Thread added: 0x000001e41f80f800


Dynamic libraries:
0x00007ff715b20000 - 0x00007ff715b5e000 	C:\Program Files\Java\jdk-9.0.4\bin\javaw.exe
0x00007ffe42ff0000 - 0x00007ffe431d1000 	C:\WINDOWS\SYSTEM32\ntdll.dll
0x00007ffe427c0000 - 0x00007ffe42872000 	C:\WINDOWS\System32\KERNEL32.DLL
0x00007ffe3f4c0000 - 0x00007ffe3f733000 	C:\WINDOWS\System32\KERNELBASE.dll
0x00007ffe428b0000 - 0x00007ffe42951000 	C:\WINDOWS\System32\ADVAPI32.dll
0x00007ffe40b60000 - 0x00007ffe40bfe000 	C:\WINDOWS\System32\msvcrt.dll
0x00007ffe42f60000 - 0x00007ffe42fbb000 	C:\WINDOWS\System32\sechost.dll
0x00007ffe42e30000 - 0x00007ffe42f54000 	C:\WINDOWS\System32\RPCRT4.dll
0x00007ffe41110000 - 0x00007ffe412a0000 	C:\WINDOWS\System32\USER32.dll
0x00007ffe403b0000 - 0x00007ffe403d0000 	C:\WINDOWS\System32\win32u.dll
0x00007ffe410e0000 - 0x00007ffe41108000 	C:\WINDOWS\System32\GDI32.dll
0x00007ffe3ffa0000 - 0x00007ffe40132000 	C:\WINDOWS\System32\gdi32full.dll
0x00007ffe3f7f0000 - 0x00007ffe3f88f000 	C:\WINDOWS\System32\msvcp_win.dll
0x00007ffe3f3c0000 - 0x00007ffe3f4ba000 	C:\WINDOWS\System32\ucrtbase.dll
0x00007ffe2a4e0000 - 0x00007ffe2a749000 	C:\WINDOWS\WinSxS\amd64_microsoft.windows.common-controls_6595b64144ccf1df_6.0.17134.407_none_fb449d63306391e9\COMCTL32.dll
0x00007ffe2e030000 - 0x00007ffe2e03a000 	C:\WINDOWS\SYSTEM32\VERSION.dll
0x00007ffe40c00000 - 0x00007ffe40f22000 	C:\WINDOWS\System32\combase.dll
0x00007ffe40140000 - 0x00007ffe401ba000 	C:\WINDOWS\System32\bcryptPrimitives.dll
0x00007ffe42880000 - 0x00007ffe428ad000 	C:\WINDOWS\System32\IMM32.DLL
0x00007ffe0c4e0000 - 0x00007ffe0c5cf000 	C:\Program Files\Java\jdk-9.0.4\bin\msvcr120.dll
0x00007ffe0ce30000 - 0x00007ffe0ced6000 	C:\Program Files\Java\jdk-9.0.4\bin\msvcp120.dll
0x0000000064ac0000 - 0x00000000654e5000 	C:\Program Files\Java\jdk-9.0.4\bin\server\jvm.dll
0x00007ffe40f30000 - 0x00007ffe40f38000 	C:\WINDOWS\System32\PSAPI.DLL
0x00007ffe397b0000 - 0x00007ffe397b9000 	C:\WINDOWS\SYSTEM32\WSOCK32.dll
0x00007ffe3bb20000 - 0x00007ffe3bb43000 	C:\WINDOWS\SYSTEM32\WINMM.dll
0x00007ffe426f0000 - 0x00007ffe4275c000 	C:\WINDOWS\System32\WS2_32.dll
0x00007ffe3baf0000 - 0x00007ffe3bb1a000 	C:\WINDOWS\SYSTEM32\WINMMBASE.dll
0x00007ffe3f740000 - 0x00007ffe3f789000 	C:\WINDOWS\System32\cfgmgr32.dll
0x00007ffe2ecf0000 - 0x00007ffe2ecff000 	C:\Program Files\Java\jdk-9.0.4\bin\verify.dll
0x00007ffe1b840000 - 0x00007ffe1b867000 	C:\Program Files\Java\jdk-9.0.4\bin\java.dll
0x00007ffe1eb40000 - 0x00007ffe1eb56000 	C:\Program Files\Java\jdk-9.0.4\bin\zip.dll
0x00007ffe2adc0000 - 0x00007ffe2adca000 	C:\Program Files\Java\jdk-9.0.4\bin\jimage.dll
0x00007ffe412a0000 - 0x00007ffe426df000 	C:\WINDOWS\System32\SHELL32.dll
0x00007ffe405e0000 - 0x00007ffe40689000 	C:\WINDOWS\System32\shcore.dll
0x00007ffe3f890000 - 0x00007ffe3ff9d000 	C:\WINDOWS\System32\windows.storage.dll
0x00007ffe42760000 - 0x00007ffe427b1000 	C:\WINDOWS\System32\shlwapi.dll
0x00007ffe3f330000 - 0x00007ffe3f341000 	C:\WINDOWS\System32\kernel.appcore.dll
0x00007ffe3f310000 - 0x00007ffe3f32f000 	C:\WINDOWS\System32\profapi.dll
0x00007ffe3f370000 - 0x00007ffe3f3bc000 	C:\WINDOWS\System32\powrprof.dll
0x00007ffe3f300000 - 0x00007ffe3f30a000 	C:\WINDOWS\System32\FLTLIB.DLL
0x00007ffe1e6e0000 - 0x00007ffe1e6fa000 	C:\Program Files\Java\jdk-9.0.4\bin\net.dll
0x00007ffe392a0000 - 0x00007ffe3937c000 	C:\WINDOWS\SYSTEM32\WINHTTP.dll
0x00007ffe3eb20000 - 0x00007ffe3eb86000 	C:\WINDOWS\system32\mswsock.dll
0x00007ffe1dae0000 - 0x00007ffe1daf1000 	C:\Program Files\Java\jdk-9.0.4\bin\nio.dll
0x0000000180000000 - 0x0000000180025000 	C:\Program Files\Java\jdk-9.0.4\bin\rxtxSerial.dll
0x00007ffe3e050000 - 0x00007ffe3e219000 	C:\WINDOWS\SYSTEM32\dbghelp.dll

VM Arguments:
jvm_args: -Dfile.encoding=Cp1252 
java_command: Communicator
java_class_path (initial): C:\Users\Samy.DESKTOP-TJESP50\eclipse-workspace\ProjetA2\bin;C:\Users\Samy.DESKTOP-TJESP50\Desktop\RXTXcomm.jar
Launcher Type: SUN_STANDARD

Logging:
Log output configuration:
#0: stdout all=warning uptime,level,tags
#1: stderr all=off uptime,level,tags

Environment Variables:
PATH=C:\Program Files (x86)\Common Files\Oracle\Java\javapath;C:\ProgramData\Oracle\Java\javapath;C:\Program Files (x86)\Intel\iCLS Client\;C:\Program Files\Intel\iCLS Client\;C:\Windows\system32;C:\Windows;C:\Windows\System32\Wbem;C:\Windows\System32\WindowsPowerShell\v1.0\;C:\Program Files (x86)\Intel\Intel(R) Management Engine Components\DAL;C:\Program Files\Intel\Intel(R) Management Engine Components\DAL;C:\Program Files (x86)\Intel\Intel(R) Management Engine Components\IPT;C:\Program Files\Intel\Intel(R) Management Engine Components\IPT;C:\Program Files (x86)\NVIDIA Corporation\PhysX\Common;C:\WINDOWS\system32;C:\WINDOWS;C:\WINDOWS\System32\Wbem;C:\WINDOWS\System32\WindowsPowerShell\v1.0\;C:\Program Files\Git\cmd;C:\Python27\Scripts;C:\Program Files\nodejs\;C:\WINDOWS\System32\OpenSSH\;&Python_Path&;
USERNAME=Samy
OS=Windows_NT
PROCESSOR_IDENTIFIER=Intel64 Family 6 Model 142 Stepping 9, GenuineIntel



---------------  S Y S T E M  ---------------

OS: Windows 10 , 64 bit Build 17134 (10.0.17134.1)

CPU:total 4 (initial active 4) (2 cores per cpu, 2 threads per core) family 6 model 142 stepping 9, cmov, cx8, fxsr, mmx, sse, sse2, sse3, ssse3, sse4.1, sse4.2, popcnt, avx, avx2, aes, clmul, erms, 3dnowpref, lzcnt, ht, tsc, tscinvbit, bmi1, bmi2, adx, fma

Memory: 4k page, physical 8266168k(1171600k free), swap 11336636k(1693600k free)

vm_info: Java HotSpot(TM) 64-Bit Server VM (9.0.4+11) for windows-amd64 JRE (9.0.4+11), built on Dec 20 2017 02:18:54 by "mach5one" with MS VC++ 12.0 (VS2013)

END.
