#
# A fatal error has been detected by the Java Runtime Environment:
#
#  EXCEPTION_ACCESS_VIOLATION (0xc0000005) at pc=0x0000000180005b00, pid=31760, tid=56828
#
# JRE version: Java(TM) SE Runtime Environment (10.0.1+10) (build 10.0.1+10)
# Java VM: Java HotSpot(TM) 64-Bit Server VM (10.0.1+10, mixed mode, tiered, compressed oops, g1 gc, windows-amd64)
# Problematic frame:
# C  [rxtxSerial.dll+0x5b00]
#
# No core dump will be written. Minidumps are not enabled by default on client versions of Windows
#
# If you would like to submit a bug report, please visit:
#   http://bugreport.java.com/bugreport/crash.jsp
# The crash happened outside the Java Virtual Machine in native code.
# See problematic frame for where to report the bug.
#

---------------  S U M M A R Y ------------

Command Line: -Dfile.encoding=Cp1252 Communicator

Host: Intel(R) Core(TM) i7-7500U CPU @ 2.70GHz, 4 cores, 7G,  Windows 10 , 64 bit Build 17134 (10.0.17134.1)
Time: Wed Nov 28 15:55:10 2018 Afr. centrale Ouest elapsed time: 0 seconds (0d 0h 0m 0s)

---------------  T H R E A D  ---------------

Current thread (0x000001197241b000):  JavaThread "Thread-0" [_thread_in_native, id=56828, stack(0x0000000537b00000,0x0000000537c00000)]

Stack: [0x0000000537b00000,0x0000000537c00000],  sp=0x0000000537bfdcf0,  free space=1015k
Native frames: (J=compiled Java code, j=interpreted, Vv=VM code, C=native code)
C  [rxtxSerial.dll+0x5b00]

Java frames: (J=compiled Java code, j=interpreted, Vv=VM code)
j  gnu.io.RXTXPort.readArray([BII)I+0
j  gnu.io.RXTXPort$SerialInputStream.read([BII)I+212
j  sun.nio.cs.StreamDecoder.readBytes()I+135 java.base@10.0.1
j  sun.nio.cs.StreamDecoder.implRead([CII)I+112 java.base@10.0.1
j  sun.nio.cs.StreamDecoder.read([CII)I+180 java.base@10.0.1
j  java.io.InputStreamReader.read([CII)I+7 java.base@10.0.1
j  java.io.BufferedReader.fill()V+145 java.base@10.0.1
j  java.io.BufferedReader.readLine(Z)Ljava/lang/String;+44 java.base@10.0.1
j  java.io.BufferedReader.readLine()Ljava/lang/String;+2 java.base@10.0.1
j  Communicator.serialEvent(Lgnu/io/SerialPortEvent;)V+12
j  gnu.io.RXTXPort.sendEvent(IZ)Z+382
v  ~StubRoutines::call_stub
j  gnu.io.RXTXPort.eventLoop()V+0
j  gnu.io.RXTXPort$MonitorThread.run()V+12
v  ~StubRoutines::call_stub

siginfo: EXCEPTION_ACCESS_VIOLATION (0xc0000005), reading address 0x0000000037bfeaf8


Register to memory mapping:

RIP=0x0000000180005b00 rxtxSerial.dll
RAX=0x0000000000000001 is an unknown value
RBX=0x0000000000000000 is an unknown value
RCX=0x000000018001d4d5 rxtxSerial.dll
RDX=0xfffffffffffff665 is an unknown value
RSP=0x0000000537bfdcf0 is pointing into the stack for thread: 0x000001197241b000
RBP=
[error occurred during error reporting (printing register info), id 0xc0000005]

Registers:
RAX=0x0000000000000001, RBX=0x0000000000000000, RCX=0x000000018001d4d5, RDX=0xfffffffffffff665
RSP=0x0000000537bfdcf0, RBP=0x00000000ffffffff, RSI=0x0000000000000000, RDI=0x000001197241b270
R8 =0x0000000000000002, R9 =0xfffffffffffff63c, R10=0x0000000000000008, R11=0x8101010101010100
R12=0x0000000037bfeaf0, R13=0x0000000000000048, R14=0x0000000537bfdee0, R15=0x0000000000000000
RIP=0x0000000180005b00, EFLAGS=0x0000000000010202

Top of Stack: (sp=0x0000000537bfdcf0)
0x0000000537bfdcf0:   0000000000000000 0000000000000000
0x0000000537bfdd00:   0000000537bfdee8 0000000000000000
0x0000000537bfdd10:   0000000000000000 0000000537bfdee0
0x0000000537bfdd20:   0000011971ccd200 0000000000000001
0x0000000537bfdd30:   000001197241b270 0000000000000048
0x0000000537bfdd40:   ffffffffffffffff 0000000180006211
0x0000000537bfdd50:   00000119723b6210 0000000000000000
0x0000000537bfdd60:   ffffffff00000001 00000119723b6210
0x0000000537bfdd70:   0000000500000048 00000000ffffffff
0x0000000537bfdd80:   0000000537bfdee8 0000011971ccd208
0x0000000537bfdd90:   0000011971ccd208 00000119723f9f70
0x0000000537bfdda0:   0000000537bfe738 0000000065854553
0x0000000537bfddb0:   000001197241b000 000000010006c410
0x0000000537bfddc0:   00000119723f9f70 000087abb4e56f32
0x0000000537bfddd0:   0000011971ccd208 0000011971ccd200
0x0000000537bfdde0:   000001197241b000 0000000537bfdee8 

Instructions: (pc=0x0000000180005b00)
0x0000000180005ae0:   15 23 7a 01 00 48 8d 48 60 e8 3a 5d 00 00 4c 8b
0x0000000180005af0:   e5 8b ac 24 88 00 00 00 44 8b ac 24 80 00 00 00
0x0000000180005b00:   45 8b 74 24 08 41 89 5c 24 08 41 8b fd 85 ed 78
0x0000000180005b10:   09 ff 15 e9 14 01 00 44 8b f8 45 85 ed 7e 4a 90 



---------------  P R O C E S S  ---------------

Threads class SMR info:
_java_thread_list=0x000001197241ca60, length=13, elements={
0x0000011971836800, 0x0000011971848800, 0x00000119721d2800, 0x00000119721d3000,
0x0000011971852000, 0x000001197186a800, 0x0000011972218000, 0x0000011972235000,
0x000001197238e800, 0x0000011972393000, 0x000001197241b000, 0x00000119723f8800,
0x000001195048e000
}

Java Threads: ( => current thread )
  0x0000011971836800 JavaThread "Reference Handler" daemon [_thread_blocked, id=41016, stack(0x0000000537000000,0x0000000537100000)]
  0x0000011971848800 JavaThread "Finalizer" daemon [_thread_blocked, id=54960, stack(0x0000000537100000,0x0000000537200000)]
  0x00000119721d2800 JavaThread "Signal Dispatcher" daemon [_thread_blocked, id=40872, stack(0x0000000537200000,0x0000000537300000)]
  0x00000119721d3000 JavaThread "Attach Listener" daemon [_thread_blocked, id=50068, stack(0x0000000537300000,0x0000000537400000)]
  0x0000011971852000 JavaThread "C2 CompilerThread0" daemon [_thread_blocked, id=56400, stack(0x0000000537400000,0x0000000537500000)]
  0x000001197186a800 JavaThread "C2 CompilerThread1" daemon [_thread_blocked, id=49992, stack(0x0000000537500000,0x0000000537600000)]
  0x0000011972218000 JavaThread "C1 CompilerThread2" daemon [_thread_blocked, id=56272, stack(0x0000000537600000,0x0000000537700000)]
  0x0000011972235000 JavaThread "Sweeper thread" daemon [_thread_blocked, id=56736, stack(0x0000000537700000,0x0000000537800000)]
  0x000001197238e800 JavaThread "Service Thread" daemon [_thread_blocked, id=51824, stack(0x0000000537800000,0x0000000537900000)]
  0x0000011972393000 JavaThread "Common-Cleaner" daemon [_thread_blocked, id=48656, stack(0x0000000537900000,0x0000000537a00000)]
=>0x000001197241b000 JavaThread "Thread-0" [_thread_in_native, id=56828, stack(0x0000000537b00000,0x0000000537c00000)]
  0x00000119723f8800 JavaThread "Thread-1" [_thread_blocked, id=51404, stack(0x0000000537c00000,0x0000000537d00000)]
  0x000001195048e000 JavaThread "DestroyJavaVM" [_thread_blocked, id=27880, stack(0x0000000536300000,0x0000000536400000)]

Other Threads:
  0x0000011971821000 VMThread "VM Thread" [stack: 0x0000000536f00000,0x0000000537000000] [id=39500]
  0x0000011972393800 WatcherThread [stack: 0x0000000537a00000,0x0000000537b00000] [id=54116]
  0x00000119504a6800 GCTaskThread "GC Thread#0" [stack: 0x0000000536400000,0x0000000536500000] [id=55284]
  0x00000119504a8000 GCTaskThread "GC Thread#1" [stack: 0x0000000536500000,0x0000000536600000] [id=55868]
  0x00000119504b0800 GCTaskThread "GC Thread#2" [stack: 0x0000000536600000,0x0000000536700000] [id=45828]
  0x00000119504b7000 GCTaskThread "GC Thread#3" [stack: 0x0000000536700000,0x0000000536800000] [id=54536]
  0x0000011950524800 ConcurrentGCThread "G1 Main Marker" [stack: 0x0000000536800000,0x0000000536900000] [id=56680]
  0x00000119504b3000 ConcurrentGCThread "G1 Conc#0" [stack: 0x0000000536900000,0x0000000536a00000] [id=53480]
  0x00000119716ac800 ConcurrentGCThread "G1 Refine#0" [stack: 0x0000000536a00000,0x0000000536b00000] [id=52736]
  0x00000119716ad000 ConcurrentGCThread "G1 Refine#1" [stack: 0x0000000536b00000,0x0000000536c00000] [id=38284]
  0x00000119716ae800 ConcurrentGCThread "G1 Refine#2" [stack: 0x0000000536c00000,0x0000000536d00000] [id=56316]
  0x00000119716b2000 ConcurrentGCThread "G1 Refine#3" [stack: 0x0000000536d00000,0x0000000536e00000] [id=55624]
  0x00000119716b7000 ConcurrentGCThread "G1 Young RemSet Sampling" [stack: 0x0000000536e00000,0x0000000536f00000] [id=56608]

Threads with active compile tasks:

VM state:not at safepoint (normal execution)

VM Mutex/Monitor currently owned by a thread: None

Heap address: 0x0000000081c00000, size: 2020 MB, Compressed Oops mode: 32-bit
Narrow klass base: 0x0000000000000000, Narrow klass shift: 3
Compressed class space size: 1073741824 Address: 0x0000000100000000

Heap:
 garbage-first heap   total 131072K, used 2048K [0x0000000081c00000, 0x0000000100000000)
  region size 1024K, 3 young (3072K), 0 survivors (0K)
 Metaspace       used 5019K, capacity 5092K, committed 5376K, reserved 1056768K
  class space    used 427K, capacity 464K, committed 512K, reserved 1048576K
Heap Regions: E=young(eden), S=young(survivor), O=old, HS=humongous(starts), HC=humongous(continues), CS=collection set, F=free, A=archive, TS=gc time stamp, AC=allocation context, TAMS=top-at-mark-start (previous, next)
|   0|0x0000000081c00000, 0x0000000081c00000, 0x0000000081d00000|  0%| F|  |TS  0|AC  0|TAMS 0x0000000081c00000, 0x0000000081c00000|
|   1|0x0000000081d00000, 0x0000000081d00000, 0x0000000081e00000|  0%| F|  |TS  0|AC  0|TAMS 0x0000000081d00000, 0x0000000081d00000|
|   2|0x0000000081e00000, 0x0000000081e00000, 0x0000000081f00000|  0%| F|  |TS  0|AC  0|TAMS 0x0000000081e00000, 0x0000000081e00000|
|   3|0x0000000081f00000, 0x0000000081f00000, 0x0000000082000000|  0%| F|  |TS  0|AC  0|TAMS 0x0000000081f00000, 0x0000000081f00000|
|   4|0x0000000082000000, 0x0000000082000000, 0x0000000082100000|  0%| F|  |TS  0|AC  0|TAMS 0x0000000082000000, 0x0000000082000000|
|   5|0x0000000082100000, 0x0000000082100000, 0x0000000082200000|  0%| F|  |TS  0|AC  0|TAMS 0x0000000082100000, 0x0000000082100000|
|   6|0x0000000082200000, 0x0000000082200000, 0x0000000082300000|  0%| F|  |TS  0|AC  0|TAMS 0x0000000082200000, 0x0000000082200000|
|   7|0x0000000082300000, 0x0000000082300000, 0x0000000082400000|  0%| F|  |TS  0|AC  0|TAMS 0x0000000082300000, 0x0000000082300000|
|   8|0x0000000082400000, 0x0000000082400000, 0x0000000082500000|  0%| F|  |TS  0|AC  0|TAMS 0x0000000082400000, 0x0000000082400000|
|   9|0x0000000082500000, 0x0000000082500000, 0x0000000082600000|  0%| F|  |TS  0|AC  0|TAMS 0x0000000082500000, 0x0000000082500000|
|  10|0x0000000082600000, 0x0000000082600000, 0x0000000082700000|  0%| F|  |TS  0|AC  0|TAMS 0x0000000082600000, 0x0000000082600000|
|  11|0x0000000082700000, 0x0000000082700000, 0x0000000082800000|  0%| F|  |TS  0|AC  0|TAMS 0x0000000082700000, 0x0000000082700000|
|  12|0x0000000082800000, 0x0000000082800000, 0x0000000082900000|  0%| F|  |TS  0|AC  0|TAMS 0x0000000082800000, 0x0000000082800000|
|  13|0x0000000082900000, 0x0000000082900000, 0x0000000082a00000|  0%| F|  |TS  0|AC  0|TAMS 0x0000000082900000, 0x0000000082900000|
|  14|0x0000000082a00000, 0x0000000082a00000, 0x0000000082b00000|  0%| F|  |TS  0|AC  0|TAMS 0x0000000082a00000, 0x0000000082a00000|
|  15|0x0000000082b00000, 0x0000000082b00000, 0x0000000082c00000|  0%| F|  |TS  0|AC  0|TAMS 0x0000000082b00000, 0x0000000082b00000|
|  16|0x0000000082c00000, 0x0000000082c00000, 0x0000000082d00000|  0%| F|  |TS  0|AC  0|TAMS 0x0000000082c00000, 0x0000000082c00000|
|  17|0x0000000082d00000, 0x0000000082d00000, 0x0000000082e00000|  0%| F|  |TS  0|AC  0|TAMS 0x0000000082d00000, 0x0000000082d00000|
|  18|0x0000000082e00000, 0x0000000082e00000, 0x0000000082f00000|  0%| F|  |TS  0|AC  0|TAMS 0x0000000082e00000, 0x0000000082e00000|
|  19|0x0000000082f00000, 0x0000000082f00000, 0x0000000083000000|  0%| F|  |TS  0|AC  0|TAMS 0x0000000082f00000, 0x0000000082f00000|
|  20|0x0000000083000000, 0x0000000083000000, 0x0000000083100000|  0%| F|  |TS  0|AC  0|TAMS 0x0000000083000000, 0x0000000083000000|
|  21|0x0000000083100000, 0x0000000083100000, 0x0000000083200000|  0%| F|  |TS  0|AC  0|TAMS 0x0000000083100000, 0x0000000083100000|
|  22|0x0000000083200000, 0x0000000083200000, 0x0000000083300000|  0%| F|  |TS  0|AC  0|TAMS 0x0000000083200000, 0x0000000083200000|
|  23|0x0000000083300000, 0x0000000083300000, 0x0000000083400000|  0%| F|  |TS  0|AC  0|TAMS 0x0000000083300000, 0x0000000083300000|
|  24|0x0000000083400000, 0x0000000083400000, 0x0000000083500000|  0%| F|  |TS  0|AC  0|TAMS 0x0000000083400000, 0x0000000083400000|
|  25|0x0000000083500000, 0x0000000083500000, 0x0000000083600000|  0%| F|  |TS  0|AC  0|TAMS 0x0000000083500000, 0x0000000083500000|
|  26|0x0000000083600000, 0x0000000083600000, 0x0000000083700000|  0%| F|  |TS  0|AC  0|TAMS 0x0000000083600000, 0x0000000083600000|
|  27|0x0000000083700000, 0x0000000083700000, 0x0000000083800000|  0%| F|  |TS  0|AC  0|TAMS 0x0000000083700000, 0x0000000083700000|
|  28|0x0000000083800000, 0x0000000083800000, 0x0000000083900000|  0%| F|  |TS  0|AC  0|TAMS 0x0000000083800000, 0x0000000083800000|
|  29|0x0000000083900000, 0x0000000083900000, 0x0000000083a00000|  0%| F|  |TS  0|AC  0|TAMS 0x0000000083900000, 0x0000000083900000|
|  30|0x0000000083a00000, 0x0000000083a00000, 0x0000000083b00000|  0%| F|  |TS  0|AC  0|TAMS 0x0000000083a00000, 0x0000000083a00000|
|  31|0x0000000083b00000, 0x0000000083b00000, 0x0000000083c00000|  0%| F|  |TS  0|AC  0|TAMS 0x0000000083b00000, 0x0000000083b00000|
|  32|0x0000000083c00000, 0x0000000083c00000, 0x0000000083d00000|  0%| F|  |TS  0|AC  0|TAMS 0x0000000083c00000, 0x0000000083c00000|
|  33|0x0000000083d00000, 0x0000000083d00000, 0x0000000083e00000|  0%| F|  |TS  0|AC  0|TAMS 0x0000000083d00000, 0x0000000083d00000|
|  34|0x0000000083e00000, 0x0000000083e00000, 0x0000000083f00000|  0%| F|  |TS  0|AC  0|TAMS 0x0000000083e00000, 0x0000000083e00000|
|  35|0x0000000083f00000, 0x0000000083f00000, 0x0000000084000000|  0%| F|  |TS  0|AC  0|TAMS 0x0000000083f00000, 0x0000000083f00000|
|  36|0x0000000084000000, 0x0000000084000000, 0x0000000084100000|  0%| F|  |TS  0|AC  0|TAMS 0x0000000084000000, 0x0000000084000000|
|  37|0x0000000084100000, 0x0000000084100000, 0x0000000084200000|  0%| F|  |TS  0|AC  0|TAMS 0x0000000084100000, 0x0000000084100000|
|  38|0x0000000084200000, 0x0000000084200000, 0x0000000084300000|  0%| F|  |TS  0|AC  0|TAMS 0x0000000084200000, 0x0000000084200000|
|  39|0x0000000084300000, 0x0000000084300000, 0x0000000084400000|  0%| F|  |TS  0|AC  0|TAMS 0x0000000084300000, 0x0000000084300000|
|  40|0x0000000084400000, 0x0000000084400000, 0x0000000084500000|  0%| F|  |TS  0|AC  0|TAMS 0x0000000084400000, 0x0000000084400000|
|  41|0x0000000084500000, 0x0000000084500000, 0x0000000084600000|  0%| F|  |TS  0|AC  0|TAMS 0x0000000084500000, 0x0000000084500000|
|  42|0x0000000084600000, 0x0000000084600000, 0x0000000084700000|  0%| F|  |TS  0|AC  0|TAMS 0x0000000084600000, 0x0000000084600000|
|  43|0x0000000084700000, 0x0000000084700000, 0x0000000084800000|  0%| F|  |TS  0|AC  0|TAMS 0x0000000084700000, 0x0000000084700000|
|  44|0x0000000084800000, 0x0000000084800000, 0x0000000084900000|  0%| F|  |TS  0|AC  0|TAMS 0x0000000084800000, 0x0000000084800000|
|  45|0x0000000084900000, 0x0000000084900000, 0x0000000084a00000|  0%| F|  |TS  0|AC  0|TAMS 0x0000000084900000, 0x0000000084900000|
|  46|0x0000000084a00000, 0x0000000084a00000, 0x0000000084b00000|  0%| F|  |TS  0|AC  0|TAMS 0x0000000084a00000, 0x0000000084a00000|
|  47|0x0000000084b00000, 0x0000000084b00000, 0x0000000084c00000|  0%| F|  |TS  0|AC  0|TAMS 0x0000000084b00000, 0x0000000084b00000|
|  48|0x0000000084c00000, 0x0000000084c00000, 0x0000000084d00000|  0%| F|  |TS  0|AC  0|TAMS 0x0000000084c00000, 0x0000000084c00000|
|  49|0x0000000084d00000, 0x0000000084d00000, 0x0000000084e00000|  0%| F|  |TS  0|AC  0|TAMS 0x0000000084d00000, 0x0000000084d00000|
|  50|0x0000000084e00000, 0x0000000084e00000, 0x0000000084f00000|  0%| F|  |TS  0|AC  0|TAMS 0x0000000084e00000, 0x0000000084e00000|
|  51|0x0000000084f00000, 0x0000000084f00000, 0x0000000085000000|  0%| F|  |TS  0|AC  0|TAMS 0x0000000084f00000, 0x0000000084f00000|
|  52|0x0000000085000000, 0x0000000085000000, 0x0000000085100000|  0%| F|  |TS  0|AC  0|TAMS 0x0000000085000000, 0x0000000085000000|
|  53|0x0000000085100000, 0x0000000085100000, 0x0000000085200000|  0%| F|  |TS  0|AC  0|TAMS 0x0000000085100000, 0x0000000085100000|
|  54|0x0000000085200000, 0x0000000085200000, 0x0000000085300000|  0%| F|  |TS  0|AC  0|TAMS 0x0000000085200000, 0x0000000085200000|
|  55|0x0000000085300000, 0x0000000085300000, 0x0000000085400000|  0%| F|  |TS  0|AC  0|TAMS 0x0000000085300000, 0x0000000085300000|
|  56|0x0000000085400000, 0x0000000085400000, 0x0000000085500000|  0%| F|  |TS  0|AC  0|TAMS 0x0000000085400000, 0x0000000085400000|
|  57|0x0000000085500000, 0x0000000085500000, 0x0000000085600000|  0%| F|  |TS  0|AC  0|TAMS 0x0000000085500000, 0x0000000085500000|
|  58|0x0000000085600000, 0x0000000085600000, 0x0000000085700000|  0%| F|  |TS  0|AC  0|TAMS 0x0000000085600000, 0x0000000085600000|
|  59|0x0000000085700000, 0x0000000085700000, 0x0000000085800000|  0%| F|  |TS  0|AC  0|TAMS 0x0000000085700000, 0x0000000085700000|
|  60|0x0000000085800000, 0x0000000085800000, 0x0000000085900000|  0%| F|  |TS  0|AC  0|TAMS 0x0000000085800000, 0x0000000085800000|
|  61|0x0000000085900000, 0x0000000085900000, 0x0000000085a00000|  0%| F|  |TS  0|AC  0|TAMS 0x0000000085900000, 0x0000000085900000|
|  62|0x0000000085a00000, 0x0000000085a00000, 0x0000000085b00000|  0%| F|  |TS  0|AC  0|TAMS 0x0000000085a00000, 0x0000000085a00000|
|  63|0x0000000085b00000, 0x0000000085b00000, 0x0000000085c00000|  0%| F|  |TS  0|AC  0|TAMS 0x0000000085b00000, 0x0000000085b00000|
|  64|0x0000000085c00000, 0x0000000085c00000, 0x0000000085d00000|  0%| F|  |TS  0|AC  0|TAMS 0x0000000085c00000, 0x0000000085c00000|
|  65|0x0000000085d00000, 0x0000000085d00000, 0x0000000085e00000|  0%| F|  |TS  0|AC  0|TAMS 0x0000000085d00000, 0x0000000085d00000|
|  66|0x0000000085e00000, 0x0000000085e00000, 0x0000000085f00000|  0%| F|  |TS  0|AC  0|TAMS 0x0000000085e00000, 0x0000000085e00000|
|  67|0x0000000085f00000, 0x0000000085f00000, 0x0000000086000000|  0%| F|  |TS  0|AC  0|TAMS 0x0000000085f00000, 0x0000000085f00000|
|  68|0x0000000086000000, 0x0000000086000000, 0x0000000086100000|  0%| F|  |TS  0|AC  0|TAMS 0x0000000086000000, 0x0000000086000000|
|  69|0x0000000086100000, 0x0000000086100000, 0x0000000086200000|  0%| F|  |TS  0|AC  0|TAMS 0x0000000086100000, 0x0000000086100000|
|  70|0x0000000086200000, 0x0000000086200000, 0x0000000086300000|  0%| F|  |TS  0|AC  0|TAMS 0x0000000086200000, 0x0000000086200000|
|  71|0x0000000086300000, 0x0000000086300000, 0x0000000086400000|  0%| F|  |TS  0|AC  0|TAMS 0x0000000086300000, 0x0000000086300000|
|  72|0x0000000086400000, 0x0000000086400000, 0x0000000086500000|  0%| F|  |TS  0|AC  0|TAMS 0x0000000086400000, 0x0000000086400000|
|  73|0x0000000086500000, 0x0000000086500000, 0x0000000086600000|  0%| F|  |TS  0|AC  0|TAMS 0x0000000086500000, 0x0000000086500000|
|  74|0x0000000086600000, 0x0000000086600000, 0x0000000086700000|  0%| F|  |TS  0|AC  0|TAMS 0x0000000086600000, 0x0000000086600000|
|  75|0x0000000086700000, 0x0000000086700000, 0x0000000086800000|  0%| F|  |TS  0|AC  0|TAMS 0x0000000086700000, 0x0000000086700000|
|  76|0x0000000086800000, 0x0000000086800000, 0x0000000086900000|  0%| F|  |TS  0|AC  0|TAMS 0x0000000086800000, 0x0000000086800000|
|  77|0x0000000086900000, 0x0000000086900000, 0x0000000086a00000|  0%| F|  |TS  0|AC  0|TAMS 0x0000000086900000, 0x0000000086900000|
|  78|0x0000000086a00000, 0x0000000086a00000, 0x0000000086b00000|  0%| F|  |TS  0|AC  0|TAMS 0x0000000086a00000, 0x0000000086a00000|
|  79|0x0000000086b00000, 0x0000000086b00000, 0x0000000086c00000|  0%| F|  |TS  0|AC  0|TAMS 0x0000000086b00000, 0x0000000086b00000|
|  80|0x0000000086c00000, 0x0000000086c00000, 0x0000000086d00000|  0%| F|  |TS  0|AC  0|TAMS 0x0000000086c00000, 0x0000000086c00000|
|  81|0x0000000086d00000, 0x0000000086d00000, 0x0000000086e00000|  0%| F|  |TS  0|AC  0|TAMS 0x0000000086d00000, 0x0000000086d00000|
|  82|0x0000000086e00000, 0x0000000086e00000, 0x0000000086f00000|  0%| F|  |TS  0|AC  0|TAMS 0x0000000086e00000, 0x0000000086e00000|
|  83|0x0000000086f00000, 0x0000000086f00000, 0x0000000087000000|  0%| F|  |TS  0|AC  0|TAMS 0x0000000086f00000, 0x0000000086f00000|
|  84|0x0000000087000000, 0x0000000087000000, 0x0000000087100000|  0%| F|  |TS  0|AC  0|TAMS 0x0000000087000000, 0x0000000087000000|
|  85|0x0000000087100000, 0x0000000087100000, 0x0000000087200000|  0%| F|  |TS  0|AC  0|TAMS 0x0000000087100000, 0x0000000087100000|
|  86|0x0000000087200000, 0x0000000087200000, 0x0000000087300000|  0%| F|  |TS  0|AC  0|TAMS 0x0000000087200000, 0x0000000087200000|
|  87|0x0000000087300000, 0x0000000087300000, 0x0000000087400000|  0%| F|  |TS  0|AC  0|TAMS 0x0000000087300000, 0x0000000087300000|
|  88|0x0000000087400000, 0x0000000087400000, 0x0000000087500000|  0%| F|  |TS  0|AC  0|TAMS 0x0000000087400000, 0x0000000087400000|
|  89|0x0000000087500000, 0x0000000087500000, 0x0000000087600000|  0%| F|  |TS  0|AC  0|TAMS 0x0000000087500000, 0x0000000087500000|
|  90|0x0000000087600000, 0x0000000087600000, 0x0000000087700000|  0%| F|  |TS  0|AC  0|TAMS 0x0000000087600000, 0x0000000087600000|
|  91|0x0000000087700000, 0x0000000087700000, 0x0000000087800000|  0%| F|  |TS  0|AC  0|TAMS 0x0000000087700000, 0x0000000087700000|
|  92|0x0000000087800000, 0x0000000087800000, 0x0000000087900000|  0%| F|  |TS  0|AC  0|TAMS 0x0000000087800000, 0x0000000087800000|
|  93|0x0000000087900000, 0x0000000087900000, 0x0000000087a00000|  0%| F|  |TS  0|AC  0|TAMS 0x0000000087900000, 0x0000000087900000|
|  94|0x0000000087a00000, 0x0000000087a00000, 0x0000000087b00000|  0%| F|  |TS  0|AC  0|TAMS 0x0000000087a00000, 0x0000000087a00000|
|  95|0x0000000087b00000, 0x0000000087b00000, 0x0000000087c00000|  0%| F|  |TS  0|AC  0|TAMS 0x0000000087b00000, 0x0000000087b00000|
|  96|0x0000000087c00000, 0x0000000087c00000, 0x0000000087d00000|  0%| F|  |TS  0|AC  0|TAMS 0x0000000087c00000, 0x0000000087c00000|
|  97|0x0000000087d00000, 0x0000000087d00000, 0x0000000087e00000|  0%| F|  |TS  0|AC  0|TAMS 0x0000000087d00000, 0x0000000087d00000|
|  98|0x0000000087e00000, 0x0000000087e00000, 0x0000000087f00000|  0%| F|  |TS  0|AC  0|TAMS 0x0000000087e00000, 0x0000000087e00000|
|  99|0x0000000087f00000, 0x0000000087f00000, 0x0000000088000000|  0%| F|  |TS  0|AC  0|TAMS 0x0000000087f00000, 0x0000000087f00000|
| 100|0x0000000088000000, 0x0000000088000000, 0x0000000088100000|  0%| F|  |TS  0|AC  0|TAMS 0x0000000088000000, 0x0000000088000000|
| 101|0x0000000088100000, 0x0000000088100000, 0x0000000088200000|  0%| F|  |TS  0|AC  0|TAMS 0x0000000088100000, 0x0000000088100000|
| 102|0x0000000088200000, 0x0000000088200000, 0x0000000088300000|  0%| F|  |TS  0|AC  0|TAMS 0x0000000088200000, 0x0000000088200000|
| 103|0x0000000088300000, 0x0000000088300000, 0x0000000088400000|  0%| F|  |TS  0|AC  0|TAMS 0x0000000088300000, 0x0000000088300000|
| 104|0x0000000088400000, 0x0000000088400000, 0x0000000088500000|  0%| F|  |TS  0|AC  0|TAMS 0x0000000088400000, 0x0000000088400000|
| 105|0x0000000088500000, 0x0000000088500000, 0x0000000088600000|  0%| F|  |TS  0|AC  0|TAMS 0x0000000088500000, 0x0000000088500000|
| 106|0x0000000088600000, 0x0000000088600000, 0x0000000088700000|  0%| F|  |TS  0|AC  0|TAMS 0x0000000088600000, 0x0000000088600000|
| 107|0x0000000088700000, 0x0000000088700000, 0x0000000088800000|  0%| F|  |TS  0|AC  0|TAMS 0x0000000088700000, 0x0000000088700000|
| 108|0x0000000088800000, 0x0000000088800000, 0x0000000088900000|  0%| F|  |TS  0|AC  0|TAMS 0x0000000088800000, 0x0000000088800000|
| 109|0x0000000088900000, 0x0000000088900000, 0x0000000088a00000|  0%| F|  |TS  0|AC  0|TAMS 0x0000000088900000, 0x0000000088900000|
| 110|0x0000000088a00000, 0x0000000088a00000, 0x0000000088b00000|  0%| F|  |TS  0|AC  0|TAMS 0x0000000088a00000, 0x0000000088a00000|
| 111|0x0000000088b00000, 0x0000000088b00000, 0x0000000088c00000|  0%| F|  |TS  0|AC  0|TAMS 0x0000000088b00000, 0x0000000088b00000|
| 112|0x0000000088c00000, 0x0000000088c00000, 0x0000000088d00000|  0%| F|  |TS  0|AC  0|TAMS 0x0000000088c00000, 0x0000000088c00000|
| 113|0x0000000088d00000, 0x0000000088d00000, 0x0000000088e00000|  0%| F|  |TS  0|AC  0|TAMS 0x0000000088d00000, 0x0000000088d00000|
| 114|0x0000000088e00000, 0x0000000088e00000, 0x0000000088f00000|  0%| F|  |TS  0|AC  0|TAMS 0x0000000088e00000, 0x0000000088e00000|
| 115|0x0000000088f00000, 0x0000000088f00000, 0x0000000089000000|  0%| F|  |TS  0|AC  0|TAMS 0x0000000088f00000, 0x0000000088f00000|
| 116|0x0000000089000000, 0x0000000089000000, 0x0000000089100000|  0%| F|  |TS  0|AC  0|TAMS 0x0000000089000000, 0x0000000089000000|
| 117|0x0000000089100000, 0x0000000089100000, 0x0000000089200000|  0%| F|  |TS  0|AC  0|TAMS 0x0000000089100000, 0x0000000089100000|
| 118|0x0000000089200000, 0x0000000089200000, 0x0000000089300000|  0%| F|  |TS  0|AC  0|TAMS 0x0000000089200000, 0x0000000089200000|
| 119|0x0000000089300000, 0x0000000089300000, 0x0000000089400000|  0%| F|  |TS  0|AC  0|TAMS 0x0000000089300000, 0x0000000089300000|
| 120|0x0000000089400000, 0x0000000089400000, 0x0000000089500000|  0%| F|  |TS  0|AC  0|TAMS 0x0000000089400000, 0x0000000089400000|
| 121|0x0000000089500000, 0x0000000089500000, 0x0000000089600000|  0%| F|  |TS  0|AC  0|TAMS 0x0000000089500000, 0x0000000089500000|
| 122|0x0000000089600000, 0x0000000089600000, 0x0000000089700000|  0%| F|  |TS  0|AC  0|TAMS 0x0000000089600000, 0x0000000089600000|
| 123|0x0000000089700000, 0x0000000089700000, 0x0000000089800000|  0%| F|  |TS  0|AC  0|TAMS 0x0000000089700000, 0x0000000089700000|
| 124|0x0000000089800000, 0x0000000089800000, 0x0000000089900000|  0%| F|  |TS  0|AC  0|TAMS 0x0000000089800000, 0x0000000089800000|
| 125|0x0000000089900000, 0x0000000089948458, 0x0000000089a00000| 28%| E|  |TS  0|AC  0|TAMS 0x0000000089900000, 0x0000000089900000|
| 126|0x0000000089a00000, 0x0000000089b00000, 0x0000000089b00000|100%| E|CS|TS  0|AC  0|TAMS 0x0000000089a00000, 0x0000000089a00000|
| 127|0x0000000089b00000, 0x0000000089c00000, 0x0000000089c00000|100%| E|CS|TS  0|AC  0|TAMS 0x0000000089b00000, 0x0000000089b00000|

Card table byte_map: [0x000001196ac20000,0x000001196b020000] byte_map_base: 0x000001196a812000

Marking Bits (Prev, Next): (CMBitMap*) 0x0000011950523920, (CMBitMap*) 0x0000011950523958
 Prev Bits: [0x000001196b420000, 0x000001196d3b0000)
 Next Bits: [0x000001196d3b0000, 0x000001196f340000)

Polling page: 0x000001194e280000

CodeHeap 'non-profiled nmethods': size=120064Kb used=40Kb max_used=40Kb free=120023Kb
 bounds [0x00000119632e0000, 0x0000011963550000, 0x000001196a820000]
CodeHeap 'profiled nmethods': size=120000Kb used=263Kb max_used=263Kb free=119736Kb
 bounds [0x000001195bdb0000, 0x000001195c020000, 0x00000119632e0000]
CodeHeap 'non-nmethods': size=5696Kb used=1021Kb max_used=1032Kb free=4674Kb
 bounds [0x000001195b820000, 0x000001195ba90000, 0x000001195bdb0000]
 total_blobs=539 nmethods=179 adapters=203
 compilation: enabled

Compilation events (10 events):
Event: 0.283 Thread 0x0000011972218000  176       3       java.lang.String::lastIndexOf (12 bytes)
Event: 0.283 Thread 0x0000011972218000 nmethod 176 0x000001195bdf0890 code [0x000001195bdf0a80, 0x000001195bdf0ec0]
Event: 0.283 Thread 0x0000011972218000  177       1       java.util.zip.ZipFile::access$300 (5 bytes)
Event: 0.283 Thread 0x0000011972218000 nmethod 177 0x00000119632e9e10 code [0x00000119632e9fc0, 0x00000119632ea0b8]
Event: 0.283 Thread 0x0000011972218000  178       3       java.lang.System::getSecurityManager (4 bytes)
Event: 0.283 Thread 0x0000011972218000 nmethod 178 0x000001195bdf1090 code [0x000001195bdf1240, 0x000001195bdf1398]
Event: 0.285 Thread 0x0000011972218000  179       3       java.lang.AbstractStringBuilder::newCapacity (55 bytes)
Event: 0.285 Thread 0x0000011972218000 nmethod 179 0x000001195bdf1410 code [0x000001195bdf15e0, 0x000001195bdf1870]
Event: 0.290 Thread 0x0000011972218000  180       3       java.util.zip.ZipUtils::LG (22 bytes)
Event: 0.291 Thread 0x0000011972218000 nmethod 180 0x000001195bdf1990 code [0x000001195bdf1b60, 0x000001195bdf1e18]

GC Heap History (0 events):
No events

Deoptimization events (1 events):
Event: 0.201 Thread 0x000001195048e000 Uncommon trap: reason=unstable_if action=reinterpret pc=0x00000119632e3770 method=java.lang.String.hashCode()I @ 14 c2

Classes redefined (0 events):
No events

Internal exceptions (4 events):
Event: 0.269 Thread 0x000001195048e000 Exception <a 'java/io/FileNotFoundException'{0x0000000089a96150}> (0x0000000089a96150) thrown at [t:/workspace/open/src/hotspot/share/prims/jni.cpp, line 611]
Event: 0.273 Thread 0x000001195048e000 Exception <a 'java/io/FileNotFoundException'{0x0000000089aa8078}> (0x0000000089aa8078) thrown at [t:/workspace/open/src/hotspot/share/prims/jni.cpp, line 611]
Event: 0.277 Thread 0x000001195048e000 Exception <a 'java/io/FileNotFoundException'{0x0000000089ab66a8}> (0x0000000089ab66a8) thrown at [t:/workspace/open/src/hotspot/share/prims/jni.cpp, line 611]
Event: 0.280 Thread 0x000001195048e000 Exception <a 'java/io/FileNotFoundException'{0x0000000089ac8020}> (0x0000000089ac8020) thrown at [t:/workspace/open/src/hotspot/share/prims/jni.cpp, line 611]

Events (10 events):
Event: 0.300 loading class java/nio/charset/CoderResult
Event: 0.300 loading class java/nio/charset/CoderResult done
Event: 0.300 loading class java/nio/charset/CoderResult$1
Event: 0.301 loading class java/nio/charset/CoderResult$Cache
Event: 0.301 loading class java/nio/charset/CoderResult$Cache done
Event: 0.301 loading class java/nio/charset/CoderResult$1 done
Event: 0.301 loading class java/nio/charset/CoderResult$2
Event: 0.301 loading class java/nio/charset/CoderResult$2 done
Event: 0.301 Thread 0x000001195048e000 Thread exited: 0x000001195048e000
Event: 0.302 Thread 0x000001195048e000 Thread added: 0x000001195048e000


Dynamic libraries:
0x00007ff6df4a0000 - 0x00007ff6df4de000 	C:\Program Files\Java\jdk-10.0.1\bin\javaw.exe
0x00007ffe42ff0000 - 0x00007ffe431d1000 	C:\WINDOWS\SYSTEM32\ntdll.dll
0x00007ffe427c0000 - 0x00007ffe42872000 	C:\WINDOWS\System32\KERNEL32.DLL
0x00007ffe3f4c0000 - 0x00007ffe3f733000 	C:\WINDOWS\System32\KERNELBASE.dll
0x00007ffe428b0000 - 0x00007ffe42951000 	C:\WINDOWS\System32\ADVAPI32.dll
0x00007ffe40b60000 - 0x00007ffe40bfe000 	C:\WINDOWS\System32\msvcrt.dll
0x00007ffe42f60000 - 0x00007ffe42fbb000 	C:\WINDOWS\System32\sechost.dll
0x00007ffe42e30000 - 0x00007ffe42f54000 	C:\WINDOWS\System32\RPCRT4.dll
0x00007ffe41110000 - 0x00007ffe412a0000 	C:\WINDOWS\System32\USER32.dll
0x00007ffe403b0000 - 0x00007ffe403d0000 	C:\WINDOWS\System32\win32u.dll
0x00007ffe410e0000 - 0x00007ffe41108000 	C:\WINDOWS\System32\GDI32.dll
0x00007ffe3ffa0000 - 0x00007ffe40132000 	C:\WINDOWS\System32\gdi32full.dll
0x00007ffe3f7f0000 - 0x00007ffe3f88f000 	C:\WINDOWS\System32\msvcp_win.dll
0x00007ffe3f3c0000 - 0x00007ffe3f4ba000 	C:\WINDOWS\System32\ucrtbase.dll
0x00007ffe2a4e0000 - 0x00007ffe2a749000 	C:\WINDOWS\WinSxS\amd64_microsoft.windows.common-controls_6595b64144ccf1df_6.0.17134.407_none_fb449d63306391e9\COMCTL32.dll
0x00007ffe40c00000 - 0x00007ffe40f22000 	C:\WINDOWS\System32\combase.dll
0x00007ffe40140000 - 0x00007ffe401ba000 	C:\WINDOWS\System32\bcryptPrimitives.dll
0x00007ffe2e030000 - 0x00007ffe2e03a000 	C:\WINDOWS\SYSTEM32\VERSION.dll
0x00007ffe42880000 - 0x00007ffe428ad000 	C:\WINDOWS\System32\IMM32.DLL
0x00007ffe0cee0000 - 0x00007ffe0cfcf000 	C:\Program Files\Java\jdk-10.0.1\bin\msvcr120.dll
0x00007ffe17310000 - 0x00007ffe173b6000 	C:\Program Files\Java\jdk-10.0.1\bin\msvcp120.dll
0x00000000654f0000 - 0x0000000065f60000 	C:\Program Files\Java\jdk-10.0.1\bin\server\jvm.dll
0x00007ffe40f30000 - 0x00007ffe40f38000 	C:\WINDOWS\System32\PSAPI.DLL
0x00007ffe397b0000 - 0x00007ffe397b9000 	C:\WINDOWS\SYSTEM32\WSOCK32.dll
0x00007ffe3bb20000 - 0x00007ffe3bb43000 	C:\WINDOWS\SYSTEM32\WINMM.dll
0x00007ffe426f0000 - 0x00007ffe4275c000 	C:\WINDOWS\System32\WS2_32.dll
0x00007ffe3baf0000 - 0x00007ffe3bb1a000 	C:\WINDOWS\SYSTEM32\winmmbase.dll
0x00007ffe3f740000 - 0x00007ffe3f789000 	C:\WINDOWS\System32\cfgmgr32.dll
0x00007ffe3bc00000 - 0x00007ffe3bc0f000 	C:\Program Files\Java\jdk-10.0.1\bin\verify.dll
0x00007ffe3e050000 - 0x00007ffe3e219000 	C:\WINDOWS\SYSTEM32\DBGHELP.DLL
0x00007ffe31830000 - 0x00007ffe31859000 	C:\WINDOWS\SYSTEM32\dbgcore.DLL
0x00007ffe1dd70000 - 0x00007ffe1dd97000 	C:\Program Files\Java\jdk-10.0.1\bin\java.dll
0x00007ffe20dc0000 - 0x00007ffe20dd6000 	C:\Program Files\Java\jdk-10.0.1\bin\zip.dll
0x00007ffe32450000 - 0x00007ffe3245a000 	C:\Program Files\Java\jdk-10.0.1\bin\jimage.dll
0x00007ffe412a0000 - 0x00007ffe426df000 	C:\WINDOWS\System32\SHELL32.dll
0x00007ffe405e0000 - 0x00007ffe40689000 	C:\WINDOWS\System32\shcore.dll
0x00007ffe3f890000 - 0x00007ffe3ff9d000 	C:\WINDOWS\System32\windows.storage.dll
0x00007ffe42760000 - 0x00007ffe427b1000 	C:\WINDOWS\System32\shlwapi.dll
0x00007ffe3f330000 - 0x00007ffe3f341000 	C:\WINDOWS\System32\kernel.appcore.dll
0x00007ffe3f310000 - 0x00007ffe3f32f000 	C:\WINDOWS\System32\profapi.dll
0x00007ffe3f370000 - 0x00007ffe3f3bc000 	C:\WINDOWS\System32\powrprof.dll
0x00007ffe3f300000 - 0x00007ffe3f30a000 	C:\WINDOWS\System32\FLTLIB.DLL
0x00007ffe20030000 - 0x00007ffe2004a000 	C:\Program Files\Java\jdk-10.0.1\bin\net.dll
0x00007ffe392a0000 - 0x00007ffe3937c000 	C:\WINDOWS\SYSTEM32\WINHTTP.dll
0x00007ffe3eb20000 - 0x00007ffe3eb86000 	C:\WINDOWS\system32\mswsock.dll
0x00007ffe1fd20000 - 0x00007ffe1fd31000 	C:\Program Files\Java\jdk-10.0.1\bin\nio.dll
0x0000000180000000 - 0x0000000180025000 	C:\Program Files\Java\jdk-10.0.1\bin\rxtxSerial.dll

dbghelp: loaded successfully - version: 4.0.5 - missing functions: none
symbol engine: initialized successfully - sym options: 0x614 - pdb path: .;C:\Program Files\Java\jdk-10.0.1\bin;C:\WINDOWS\SYSTEM32;C:\WINDOWS\WinSxS\amd64_microsoft.windows.common-controls_6595b64144ccf1df_6.0.17134.407_none_fb449d63306391e9;C:\Program Files\Java\jdk-10.0.1\bin\server

VM Arguments:
jvm_args: -Dfile.encoding=Cp1252 
java_command: Communicator
java_class_path (initial): C:\Users\Samy.DESKTOP-TJESP50\eclipse-workspace\ProjetA2\bin;C:\Users\Samy.DESKTOP-TJESP50\Desktop\RXTXcomm.jar
Launcher Type: SUN_STANDARD

Logging:
Log output configuration:
#0: stdout all=warning uptime,level,tags
#1: stderr all=off uptime,level,tags

Environment Variables:
PATH=C:\Program Files (x86)\Common Files\Oracle\Java\javapath;C:\ProgramData\Oracle\Java\javapath;C:\Program Files (x86)\Intel\iCLS Client\;C:\Program Files\Intel\iCLS Client\;C:\Windows\system32;C:\Windows;C:\Windows\System32\Wbem;C:\Windows\System32\WindowsPowerShell\v1.0\;C:\Program Files (x86)\Intel\Intel(R) Management Engine Components\DAL;C:\Program Files\Intel\Intel(R) Management Engine Components\DAL;C:\Program Files (x86)\Intel\Intel(R) Management Engine Components\IPT;C:\Program Files\Intel\Intel(R) Management Engine Components\IPT;C:\Program Files (x86)\NVIDIA Corporation\PhysX\Common;C:\WINDOWS\system32;C:\WINDOWS;C:\WINDOWS\System32\Wbem;C:\WINDOWS\System32\WindowsPowerShell\v1.0\;C:\Program Files\Git\cmd;C:\Python27\Scripts;C:\Program Files\nodejs\;C:\WINDOWS\System32\OpenSSH\;&Python_Path&;
USERNAME=Samy
OS=Windows_NT
PROCESSOR_IDENTIFIER=Intel64 Family 6 Model 142 Stepping 9, GenuineIntel



---------------  S Y S T E M  ---------------

OS: Windows 10 , 64 bit Build 17134 (10.0.17134.1)

CPU:total 4 (initial active 4) (2 cores per cpu, 2 threads per core) family 6 model 142 stepping 9, cmov, cx8, fxsr, mmx, sse, sse2, sse3, ssse3, sse4.1, sse4.2, popcnt, avx, avx2, aes, clmul, erms, 3dnowpref, lzcnt, ht, tsc, tscinvbit, bmi1, bmi2, adx, fma

Memory: 4k page, physical 8266168k(1260376k free), swap 11336636k(1690080k free)

vm_info: Java HotSpot(TM) 64-Bit Server VM (10.0.1+10) for windows-amd64 JRE (10.0.1+10), built on Mar 27 2018 02:27:48 by "mach5one" with MS VC++ 12.0 (VS2013)

END.
